<?xml version="1.0" encoding="UTF-8"?>
<testsuite xmlns:xsi="http://www.w3.org/2001/XMLSchema-instance" xsi:noNamespaceSchemaLocation="https://maven.apache.org/surefire/maven-surefire-plugin/xsd/surefire-test-report-3.0.xsd" version="3.0" name="RunCucumberTest" time="4.284" tests="1" errors="0" skipped="0" failures="0">
  <properties>
    <property name="java.specification.version" value="17"/>
    <property name="sun.jnu.encoding" value="UTF-8"/>
    <property name="java.class.path" value="/mnt/d/projetos/ifes/CIExample/target/test-classes:/mnt/d/projetos/ifes/CIExample/target/classes:/home/paulossjunior/.m2/repository/io/cucumber/cucumber-java/7.0.0/cucumber-java-7.0.0.jar:/home/paulossjunior/.m2/repository/io/cucumber/cucumber-core/7.0.0/cucumber-core-7.0.0.jar:/home/paulossjunior/.m2/repository/io/cucumber/cucumber-gherkin/7.0.0/cucumber-gherkin-7.0.0.jar:/home/paulossjunior/.m2/repository/io/cucumber/cucumber-gherkin-messages/7.0.0/cucumber-gherkin-messages-7.0.0.jar:/home/paulossjunior/.m2/repository/io/cucumber/messages/17.1.1/messages-17.1.1.jar:/home/paulossjunior/.m2/repository/io/cucumber/tag-expressions/4.0.2/tag-expressions-4.0.2.jar:/home/paulossjunior/.m2/repository/io/cucumber/cucumber-expressions/13.0.1/cucumber-expressions-13.0.1.jar:/home/paulossjunior/.m2/repository/io/cucumber/datatable/7.0.0/datatable-7.0.0.jar:/home/paulossjunior/.m2/repository/io/cucumber/cucumber-plugin/7.0.0/cucumber-plugin-7.0.0.jar:/home/paulossjunior/.m2/repository/io/cucumber/docstring/7.0.0/docstring-7.0.0.jar:/home/paulossjunior/.m2/repository/io/cucumber/html-formatter/17.0.0/html-formatter-17.0.0.jar:/home/paulossjunior/.m2/repository/io/cucumber/create-meta/6.0.1/create-meta-6.0.1.jar:/home/paulossjunior/.m2/repository/org/apiguardian/apiguardian-api/1.1.2/apiguardian-api-1.1.2.jar:/home/paulossjunior/.m2/repository/io/cucumber/cucumber-junit/7.0.0/cucumber-junit-7.0.0.jar:/home/paulossjunior/.m2/repository/junit/junit/4.13.2/junit-4.13.2.jar:/home/paulossjunior/.m2/repository/org/hamcrest/hamcrest-core/1.3/hamcrest-core-1.3.jar:"/>
    <property name="java.vm.vendor" value="Eclipse Adoptium"/>
    <property name="sun.arch.data.model" value="64"/>
    <property name="java.vendor.url" value="https://adoptium.net/"/>
    <property name="os.name" value="Linux"/>
    <property name="java.vm.specification.version" value="17"/>
    <property name="sun.java.launcher" value="SUN_STANDARD"/>
    <property name="sun.boot.library.path" value="/home/paulossjunior/.sdkman/candidates/java/17.0.2-tem/lib"/>
    <property name="sun.java.command" value="/mnt/d/projetos/ifes/CIExample/target/surefire/surefirebooter-20231109203706100_3.jar /mnt/d/projetos/ifes/CIExample/target/surefire 2023-11-09T20-37-05_602-jvmRun1 surefire-20231109203706100_1tmp surefire_0-20231109203706100_2tmp"/>
    <property name="jdk.debug" value="release"/>
    <property name="surefire.test.class.path" value="/mnt/d/projetos/ifes/CIExample/target/test-classes:/mnt/d/projetos/ifes/CIExample/target/classes:/home/paulossjunior/.m2/repository/io/cucumber/cucumber-java/7.0.0/cucumber-java-7.0.0.jar:/home/paulossjunior/.m2/repository/io/cucumber/cucumber-core/7.0.0/cucumber-core-7.0.0.jar:/home/paulossjunior/.m2/repository/io/cucumber/cucumber-gherkin/7.0.0/cucumber-gherkin-7.0.0.jar:/home/paulossjunior/.m2/repository/io/cucumber/cucumber-gherkin-messages/7.0.0/cucumber-gherkin-messages-7.0.0.jar:/home/paulossjunior/.m2/repository/io/cucumber/messages/17.1.1/messages-17.1.1.jar:/home/paulossjunior/.m2/repository/io/cucumber/tag-expressions/4.0.2/tag-expressions-4.0.2.jar:/home/paulossjunior/.m2/repository/io/cucumber/cucumber-expressions/13.0.1/cucumber-expressions-13.0.1.jar:/home/paulossjunior/.m2/repository/io/cucumber/datatable/7.0.0/datatable-7.0.0.jar:/home/paulossjunior/.m2/repository/io/cucumber/cucumber-plugin/7.0.0/cucumber-plugin-7.0.0.jar:/home/paulossjunior/.m2/repository/io/cucumber/docstring/7.0.0/docstring-7.0.0.jar:/home/paulossjunior/.m2/repository/io/cucumber/html-formatter/17.0.0/html-formatter-17.0.0.jar:/home/paulossjunior/.m2/repository/io/cucumber/create-meta/6.0.1/create-meta-6.0.1.jar:/home/paulossjunior/.m2/repository/org/apiguardian/apiguardian-api/1.1.2/apiguardian-api-1.1.2.jar:/home/paulossjunior/.m2/repository/io/cucumber/cucumber-junit/7.0.0/cucumber-junit-7.0.0.jar:/home/paulossjunior/.m2/repository/junit/junit/4.13.2/junit-4.13.2.jar:/home/paulossjunior/.m2/repository/org/hamcrest/hamcrest-core/1.3/hamcrest-core-1.3.jar:"/>
    <property name="sun.cpu.endian" value="little"/>
    <property name="user.home" value="/home/paulossjunior"/>
    <property name="user.language" value="en"/>
    <property name="java.specification.vendor" value="Oracle Corporation"/>
    <property name="java.version.date" value="2022-01-18"/>
    <property name="java.home" value="/home/paulossjunior/.sdkman/candidates/java/17.0.2-tem"/>
    <property name="file.separator" value="/"/>
    <property name="basedir" value="/mnt/d/projetos/ifes/CIExample"/>
    <property name="java.vm.compressedOopsMode" value="32-bit"/>
    <property name="line.separator" value="&#10;"/>
    <property name="java.vm.specification.vendor" value="Oracle Corporation"/>
    <property name="java.specification.name" value="Java Platform API Specification"/>
    <property name="surefire.real.class.path" value="/mnt/d/projetos/ifes/CIExample/target/surefire/surefirebooter-20231109203706100_3.jar"/>
    <property name="sun.management.compiler" value="HotSpot 64-Bit Tiered Compilers"/>
    <property name="java.runtime.version" value="17.0.2+8"/>
    <property name="user.name" value="paulossjunior"/>
    <property name="path.separator" value=":"/>
    <property name="os.version" value="5.15.90.1-microsoft-standard-WSL2"/>
    <property name="java.runtime.name" value="OpenJDK Runtime Environment"/>
    <property name="file.encoding" value="UTF-8"/>
    <property name="java.vm.name" value="OpenJDK 64-Bit Server VM"/>
    <property name="java.vendor.version" value="Temurin-17.0.2+8"/>
    <property name="localRepository" value="/home/paulossjunior/.m2/repository"/>
    <property name="java.vendor.url.bug" value="https://github.com/adoptium/adoptium-support/issues"/>
    <property name="java.io.tmpdir" value="/tmp"/>
    <property name="java.version" value="17.0.2"/>
    <property name="user.dir" value="/mnt/d/projetos/ifes/CIExample"/>
    <property name="os.arch" value="amd64"/>
    <property name="java.vm.specification.name" value="Java Virtual Machine Specification"/>
    <property name="native.encoding" value="UTF-8"/>
    <property name="java.library.path" value="/usr/java/packages/lib:/usr/lib64:/lib64:/lib:/usr/lib"/>
    <property name="java.vm.info" value="mixed mode, sharing"/>
    <property name="java.vendor" value="Eclipse Adoptium"/>
    <property name="java.vm.version" value="17.0.2+8"/>
    <property name="sun.io.unicode.encoding" value="UnicodeLittle"/>
    <property name="java.class.version" value="61.0"/>
  </properties>
  <testcase name="Cadastrar uma pessoa com sucesso" classname="Cadastro de Pessoa" time="1.121">
    <system-out><![CDATA[oi
oi
]]></system-out>
  </testcase>
</testsuite>